11466075587672865122138427358223787595188486293940
56602283707673547912318145569481807235631911843910
15935186409347667734121552767320428418337304608814
95919612527771380543174211035689962028285667355853
20175660600889590674047888660951446895856668306179
16965377111804250863721452548745593152398512980707
23014735314526420304254388046297225108699701539517
16676925910106827909480215067956876460304258929542
11331607015782446126319892761881223519544918214549
58672141969598755097902891381721619437242148535888
78775046257281795438192987169787692117545747217330
81060393496434058569161604723242830224341318326781
36923678407112090962756317087567033049396495329635
09347746567113975969211719725888600162807822305698
15555668784769853203053104768188269227992307989644
34805383241193235420229978807476301182080804383055
45416433696354290389472198107539876868640825693461
65627036780115925368942258169946543130904938989458
03714273030248739396742890903609965060676480693904
46591533210225113200427040095352347993380453688308
25740451660667601138372037097160747315254583660413
68832679508228923905895985916165762332417551064482
44604381772185946021619555189972134785790904341530
53479873397684635820637369679700044369899809895488
71361172025846794508128622825124209948805423241577
27751780161549872469004204245519993727578144323294
35737284413329559474674910542775871808589058940425
65541750542229070793648545573621320397718921207212
26109788523681536415861169568498495026519054878075
23534529026739631538087334975004807711845832881584
27881124016403963164791566795769010515521794868685
41106024941212638542227489521206303571238559249675
09823002293500749357040109595403375077171257796282
66444040854082372334711831950209509137538243195833
97313107777912501046121576169320622926969629127072
62358798735379935645986174201297811012530369768569
82908434683950017735899691382111408277239768780085
30705643536370662790566482745701365927391879811202
38011279381707631166062883988633684039155718043907
44636266394700965047856108325736807883966491505429
64939801253031502636530939314814333832440029224024
54912618739826922742099275593089243212903616855039
86991512419844798811251340888806086287901890227725
054671736870659515261650085449218750
