91
1 2
20003 2
40005 3
40008 3
60006 3
60009 2
80007 3
80010 3
80013 3
100008 3
100011 3
120012 3
120015 2
140013 2
140015 2
160017 3
160020 3
180018 2
180020 3
180023 2
200019 3
200022 3
200025 2
220021 3
220024 3
220027 3
240022 2
240024 2
240026 3
240029 3
260024 2
260026 3
260029 3
300028 2
300030 2
300032 2
300034 2
300036 2
300038 2
300040 2
300042 2
300044 2
300046 2
300048 2
300050 2
300052 2
300054 2
300056 2
300058 2
300060 2
300062 2
300064 2
300066 2
300068 2
300070 2
300072 2
300074 2
300076 2
300078 2
300080 2
300082 2
300084 2
300086 2
300088 2
300090 2
300092 2
300094 2
300096 2
300098 2
300100 2
300102 2
300104 2
300106 2
300108 2
300110 2
300112 2
300114 2
300116 2
300118 2
300120 2
300122 2
300124 2
300126 2
300128 2
300130 3
300133 3
300229 3
300232 2
300330 3
300333 3
300429 2
