63
ROOT\ARU\KEH\SRUNJFZYDENNCXCXDXR\SKVQ\IKGRMHNEDDK\htntsketasbyzvkf
ROOT\ARU\KEH\SRUNJFZYDENNCXCXDXR\SKVQ\IKGRMHNEDDK\q
ROOT\ARU\KEH\SRUNJFZYDENNCXCXDXR\SKVQ\IKGRMHNEDDK\w
ROOT\ARU\KEH\SRUNJFZYDENNCXCXDXR\SKVQ\IKGRMHNEDDK\wckkewbwbadcquewbkk
ROOT\ARU\KEH\SRUNJFZYDENNCXCXDXR\SKVQ\IKGRMHNEDDK\ydblfyiuqagq
ROOT\ARU\KEH\SRUNJFZYDENNCXCXDXR\SKVQ\IKGRMHNEDDK\zmrwjwjji
ROOT\ARU\KEH\SRUNJFZYDENNCXCXDXR\SKVQ\ccghesafiowv
ROOT\ARU\KEH\SRUNJFZYDENNCXCXDXR\SKVQ\qgdkfwdfwzsb
ROOT\ARU\KEH\SRUNJFZYDENNCXCXDXR\SKVQ\tzkoycdhduhoro
ROOT\ARU\KEH\SRUNJFZYDENNCXCXDXR\SKVQ\yeracwjatzsk
ROOT\ARU\KEH\SRUNJFZYDENNCXCXDXR\SKVQ\yh
ROOT\ARU\KEH\SRUNJFZYDENNCXCXDXR\envaltzjiotrgbj
ROOT\ARU\KEH\SRUNJFZYDENNCXCXDXR\gpvnxs
ROOT\ARU\KEH\SRUNJFZYDENNCXCXDXR\pprjtme
ROOT\ARU\KEH\SRUNJFZYDENNCXCXDXR\ujonmcoeqeeifyik
ROOT\ARU\KEH\caqsquwyyqgnpg
ROOT\ARU\KEH\fvisjotieuovdln
ROOT\ARU\KEH\pffbttjnxgxbxhrqcvi
ROOT\ARU\KEH\qckaqwutdmt
ROOT\ARU\KEH\uoyd
ROOT\ARU\KEH\uqfjwncezalicszgzdwp
ROOT\ARU\KEH\vgbilufs
ROOT\ARU\o
ROOT\ARU\phemim
ROOT\ARU\tnlpen
ROOT\RAHJCBIRXDKOMBON\P\NPFKAITUJAFMYAPBJXM\AAJXBDXLMVDYNGIVIWTI\DAJEEHL\UICWCLBQNWX\GRJPKABFBP\bskftfccvrm
ROOT\RAHJCBIRXDKOMBON\P\NPFKAITUJAFMYAPBJXM\AAJXBDXLMVDYNGIVIWTI\DAJEEHL\UICWCLBQNWX\GRJPKABFBP\etdffdlb
ROOT\RAHJCBIRXDKOMBON\P\NPFKAITUJAFMYAPBJXM\AAJXBDXLMVDYNGIVIWTI\DAJEEHL\UICWCLBQNWX\GRJPKABFBP\jh
ROOT\RAHJCBIRXDKOMBON\P\NPFKAITUJAFMYAPBJXM\AAJXBDXLMVDYNGIVIWTI\DAJEEHL\UICWCLBQNWX\GRJPKABFBP\jkpddspiolnsqqeef
ROOT\RAHJCBIRXDKOMBON\P\NPFKAITUJAFMYAPBJXM\AAJXBDXLMVDYNGIVIWTI\DAJEEHL\UICWCLBQNWX\gabmtuwtlqjoc
ROOT\RAHJCBIRXDKOMBON\P\NPFKAITUJAFMYAPBJXM\AAJXBDXLMVDYNGIVIWTI\DAJEEHL\UICWCLBQNWX\gsem
ROOT\RAHJCBIRXDKOMBON\P\NPFKAITUJAFMYAPBJXM\AAJXBDXLMVDYNGIVIWTI\DAJEEHL\UICWCLBQNWX\nuvm
ROOT\RAHJCBIRXDKOMBON\P\NPFKAITUJAFMYAPBJXM\AAJXBDXLMVDYNGIVIWTI\DAJEEHL\UICWCLBQNWX\ruxhiqpwjaq
ROOT\RAHJCBIRXDKOMBON\P\NPFKAITUJAFMYAPBJXM\AAJXBDXLMVDYNGIVIWTI\DAJEEHL\UICWCLBQNWX\snczwqet
ROOT\RAHJCBIRXDKOMBON\P\NPFKAITUJAFMYAPBJXM\AAJXBDXLMVDYNGIVIWTI\DAJEEHL\UICWCLBQNWX\yyzissgoyyd
ROOT\RAHJCBIRXDKOMBON\P\NPFKAITUJAFMYAPBJXM\AAJXBDXLMVDYNGIVIWTI\DAJEEHL\UICWCLBQNWX\zpbceetcqioa
ROOT\RAHJCBIRXDKOMBON\P\NPFKAITUJAFMYAPBJXM\AAJXBDXLMVDYNGIVIWTI\DAJEEHL\amiogk
ROOT\RAHJCBIRXDKOMBON\P\NPFKAITUJAFMYAPBJXM\AAJXBDXLMVDYNGIVIWTI\DAJEEHL\ijmjoyhdnglsnxyrybv
ROOT\RAHJCBIRXDKOMBON\P\NPFKAITUJAFMYAPBJXM\AAJXBDXLMVDYNGIVIWTI\DAJEEHL\lebznyrhxa
ROOT\RAHJCBIRXDKOMBON\P\NPFKAITUJAFMYAPBJXM\AAJXBDXLMVDYNGIVIWTI\DAJEEHL\prvcbxgqe
ROOT\RAHJCBIRXDKOMBON\P\NPFKAITUJAFMYAPBJXM\AAJXBDXLMVDYNGIVIWTI\DAJEEHL\uctgswgqs
ROOT\RAHJCBIRXDKOMBON\P\NPFKAITUJAFMYAPBJXM\AAJXBDXLMVDYNGIVIWTI\DAJEEHL\wtm
ROOT\RAHJCBIRXDKOMBON\P\NPFKAITUJAFMYAPBJXM\AAJXBDXLMVDYNGIVIWTI\lcd
ROOT\RAHJCBIRXDKOMBON\P\NPFKAITUJAFMYAPBJXM\eskyrdx
ROOT\RAHJCBIRXDKOMBON\P\NPFKAITUJAFMYAPBJXM\g
ROOT\RAHJCBIRXDKOMBON\P\NPFKAITUJAFMYAPBJXM\ubf
ROOT\RAHJCBIRXDKOMBON\P\NPFKAITUJAFMYAPBJXM\ugnxjxke
ROOT\RAHJCBIRXDKOMBON\P\NPFKAITUJAFMYAPBJXM\vvlieunsdlhjygmvlc
ROOT\RAHJCBIRXDKOMBON\P\dftvfhe
ROOT\RAHJCBIRXDKOMBON\P\ffkjpttutbjnlnc
ROOT\RAHJCBIRXDKOMBON\P\qdnmyvypbm
ROOT\RAHJCBIRXDKOMBON\P\wt
ROOT\RAHJCBIRXDKOMBON\ipvsbvkclojuzm
ROOT\RAHJCBIRXDKOMBON\midhwbhk
ROOT\RAHJCBIRXDKOMBON\mutjrikctfqygqnfetcr
ROOT\RAHJCBIRXDKOMBON\q
ROOT\RAHJCBIRXDKOMBON\zrtokl
ROOT\icb
ROOT\mpnfzqtcxef
ROOT\onq
ROOT\rsmxsbimes
ROOT\xawptstztoyrgkmkd
ROOT\yzjfwfifsbarp
