81070
16337
132546
65569
206270
153025
8560
22590
161071
139843
234620
100519
7462
40202
17240
44104
4874
5841
48003
4540
10772
16970
57970
69300
2214
9829
170750
4648
15138
174104
27380
44886
46142
181751
169370
1728
4220
17175
17083
222658
10521
1862
129075
124667
528
1586
1994
3654
1664
5950
3046
9576
1186
6790
3941
1968
3354
25263
14100
24780
1788
4690
2483
16755
192222
245872
18729
18732
6797
244027
249038
3126
11856
11348
8344
14833
1594
50659
42390
6524
2420
9202
2652
7945
6992
28070
4625
3801
1203
111752
47751
8496
10899
50562
4938
8208
7901
27762
136500
20890
