957718603
523478739
867378053
289238954
608362113
268049119
698851573
304724913
372042230
289382056
321924874
190982100
466206733
835732654
277688448
659633521
366925089
462813882
528991396
166355904
197839598
906720254
303980383
890138158
373061069
461915112
558340107
364247914
444383047
360901159
320692877
806026258
288524175
371399350
653548022
328103917
262789474
357730954
257065427
628008819
841901711
607680447
289740439
285599432
424011959
252702201
337176613
365049518
382497381
349602568
723931213
558323403
341804294
619026862
479229088
263125240
176966486
705746090
489989031
290355711
425672991
506673688
586273979
675614272
324072833
327768756
635534824
260394437
291884022
296208644
732205527
512796614
571434311
648914322
628986758
260003345
433791349
659484051
536347786
610796112
688746169
201737438
789752140
208951547
224912130
335630379
765329860
942486808
359418498
148061593
400213956
197500240
407007063
590617837
615324914
858036537
806806831
711875752
189099588
459561643
674328467
236310013
231913107
307667918
381467169
357544049
257386836
231151951
207182887
497108372
225262938
329589536
463941280
209183222
638619340
366269655
346828974
514857353
349269791
620015661
695585227
362034593
553372620
544925884
318467872
735489355
561022615
975429332
429233310
406654002
272636059
542125380
471371573
620428562
318281728
387938608
539525986
431328351
513001149
603471554
183654254
808472404
458727790
663434287
462909860
220115295
751474259
813293872
502550531
581298162
226141672
826433456
193620956
316181076
494456533
149658596
578552847
320114556
230686607
629780387
852325467
528623601
647836860
634153250
552862374
728554333
579775297
545403898
398303368
489934272
311422538
616585789
802543156
393356608
293082804
486425443
829315282
508429899
501115266
490544634
713069161
919294971
251437398
943658108
485928472
555690959
206295409
465957083
498796018
939509603
745075945
547091120
315029778
237978733
590095510
957816830
227183733
872363543
536101358
319345714
963897914
818455156
404649986
417928111
598885098
663339146
509387372
198648611
604014246
458392436
730862454
416071184
506824168
359528987
801871688
255925475
441536932
265744115
464886373
661914901
467859817
467919842
441410660
514919589
444236174
402127754
693046122
732288201
809483347
588970219
312850763
721925311
528956226
844104075
451092769
287858524
241231748
452731126
318097734
385047385
752156561
369324597
536791976
374024664
363211034
606340811
472465249
417364652
509425389
745122795
427859625
826088931
566203243
305345652
410097139
670820017
366171286
830869912
278553522
777722848
241862857
245475037
892885304
946870902
706113387
406758922
334643049
847263480
525609935
423177650
841901207
297975896
508517569
309543941
286540865
928997781
878079449
560151807
789626714
725293470
739328445
789387023
522625297
657487344
871615383
847983287
812492287
569921175
482991121
760237148
225740308
697708671
568018735
291733174
390595413
814088779
965689282
677960217
606410015
979669453
246469836
697765057
348982802
269011137
353072166
272491666
730465653
485096223
934610584
425022232
353463245
251581244
280500422
444031802
677579420
214709522
704871552
275275263
363706750
891149544
445519876
264437297
769363382
512507244
636929724
303937921
336775589
971862259
315109791
421441671
881940918
470566525
550647521
619738404
247978987
219520352
478219097
404942573
871146920
284262486
379870501
696501352
137744007
700770845
579004099
782569499
439358475
263403623
348440097
458170166
239440661
557968152
268797318
212481603
380444656
366368555
631838326
320571869
717858011
671129950
303024044
203052492
802203505
822358123
508913593
243121910
246969313
292831308
675064095
542492202
464160929
607293802
262741586
916104665
278236263
270204864
594843907
575367445
274022740
641013840
320239666
191946044
239334066
289669283
325218429
694108648
487001673
212268654
292933060
573557649
611298785
702900221
844241280
722440933
594998321
479231984
293476005
534956474
517869751
547031835
830556320
819922676
566245821
287967781
797633964
281252260
454250536
429222161
796062474
925647702
184998235
694419936
859333431
733653917
358795611
517670026
635285493
548754569
556512839
748496230
349142900
732067810
748325534
696378437
978895792
998041445
406141835
675586587
418869442
360974595
292356408
434218800
284651562
349683527
780957697
423513724
378694408
549183799
269932736
740040280
407402763
140572526
