0 7 12 6 10 10 11 3 9 11 9 12 8 5 13 10 8 10 9 12 
3 0 6 6 3 9 6 6 5 5 3 7 5 8 10 3 6 5 8 5 
9 6 0 6 8 9 5 3 8 6 5 8 10 8 8 6 8 3 8 7 
9 7 11 0 8 7 5 8 7 9 6 8 12 8 7 10 5 11 5 10 
6 3 3 6 0 6 6 6 8 7 6 10 8 7 11 3 6 6 9 5 
7 8 5 6 6 0 9 3 7 10 9 10 6 8 8 9 8 8 3 10 
9 8 9 6 6 8 0 8 3 10 5 6 11 11 5 5 3 8 6 6 
9 10 9 3 8 10 8 0 8 11 6 11 12 5 10 10 5 7 7 9 
6 6 6 3 3 5 7 5 0 9 7 3 10 8 8 6 5 5 3 3 
3 8 7 8 5 8 6 6 8 0 3 6 9 8 7 8 9 7 5 10 
9 6 6 9 3 9 6 9 9 6 0 12 11 10 11 6 6 9 11 8 
8 10 8 8 8 12 5 6 8 6 9 0 7 11 7 7 8 9 5 11 
6 3 8 8 6 5 3 5 6 8 6 9 0 10 7 6 6 7 8 5 
6 9 7 9 9 5 8 8 6 6 8 9 7 0 8 6 3 6 8 9 
6 3 9 6 6 8 9 8 3 5 6 6 8 11 0 6 8 6 6 6 
8 5 9 3 8 9 3 9 6 9 8 9 9 11 8 0 3 9 8 9 
9 6 6 9 9 12 11 6 9 8 9 11 8 11 11 9 0 6 12 9 
6 3 9 6 6 6 6 9 7 6 6 5 7 5 5 3 6 0 9 6 
9 6 6 3 3 9 8 3 8 7 9 11 11 8 5 6 8 9 0 8 
5 8 3 6 8 6 6 3 5 9 6 8 8 8 11 3 6 6 7 0 
